2025-10-07 19:54:12 us=765000 Current Parameter Settings:
2025-10-07 19:54:12 us=765000   config = 'C:\Users\Carlos\Documents\proyectos\ant-vpn\src\vpn-configs\no-1.ovpn'
2025-10-07 19:54:12 us=765000   mode = 0
2025-10-07 19:54:12 us=765000   show_ciphers = DISABLED
2025-10-07 19:54:12 us=765000   show_digests = DISABLED
2025-10-07 19:54:12 us=765000   show_engines = DISABLED
2025-10-07 19:54:12 us=765000   genkey = DISABLED
2025-10-07 19:54:12 us=765000   genkey_filename = '[UNDEF]'
2025-10-07 19:54:12 us=765000   key_pass_file = '[UNDEF]'
2025-10-07 19:54:12 us=765000   show_tls_ciphers = DISABLED
2025-10-07 19:54:12 us=765000   connect_retry_max = 0
2025-10-07 19:54:12 us=765000 Connection profiles [0]:
2025-10-07 19:54:12 us=765000   proto = udp
2025-10-07 19:54:12 us=765000   local = '[UNDEF]'
2025-10-07 19:54:12 us=765000   local_port = '[UNDEF]'
2025-10-07 19:54:12 us=765000   remote = '95.173.205.166'
2025-10-07 19:54:12 us=765000   remote_port = '4569'
2025-10-07 19:54:12 us=765000   remote_float = DISABLED
2025-10-07 19:54:12 us=765000   bind_defined = DISABLED
2025-10-07 19:54:12 us=765000   bind_local = DISABLED
2025-10-07 19:54:12 us=765000   bind_ipv6_only = DISABLED
2025-10-07 19:54:12 us=765000   connect_retry_seconds = 1
2025-10-07 19:54:12 us=765000   connect_timeout = 120
2025-10-07 19:54:12 us=765000   socks_proxy_server = '[UNDEF]'
2025-10-07 19:54:12 us=765000   socks_proxy_port = '[UNDEF]'
2025-10-07 19:54:12 us=765000   tun_mtu = 1500
2025-10-07 19:54:12 us=765000   tun_mtu_defined = ENABLED
2025-10-07 19:54:12 us=765000   link_mtu = 1500
2025-10-07 19:54:12 us=765000   link_mtu_defined = DISABLED
2025-10-07 19:54:12 us=765000   tun_mtu_extra = 0
2025-10-07 19:54:12 us=765000   tun_mtu_extra_defined = DISABLED
2025-10-07 19:54:12 us=765000   tls_mtu = 1250
2025-10-07 19:54:12 us=765000   mtu_discover_type = -1
2025-10-07 19:54:12 us=765000   fragment = 0
2025-10-07 19:54:12 us=765000   mssfix = 0
2025-10-07 19:54:12 us=765000   mssfix_encap = DISABLED
2025-10-07 19:54:12 us=765000   mssfix_fixed = DISABLED
2025-10-07 19:54:12 us=765000   explicit_exit_notification = 0
2025-10-07 19:54:12 us=765000   tls_auth_file = '[UNDEF]'
2025-10-07 19:54:12 us=765000   key_direction = not set
2025-10-07 19:54:12 us=765000   tls_crypt_file = '[INLINE]'
2025-10-07 19:54:12 us=765000   tls_crypt_v2_file = '[UNDEF]'
2025-10-07 19:54:12 us=765000 Connection profiles [1]:
2025-10-07 19:54:12 us=765000   proto = udp
2025-10-07 19:54:12 us=765000   local = '[UNDEF]'
2025-10-07 19:54:12 us=765000   local_port = '[UNDEF]'
2025-10-07 19:54:12 us=765000   remote = '95.173.205.166'
2025-10-07 19:54:12 us=765000   remote_port = '1194'
2025-10-07 19:54:12 us=765000   remote_float = DISABLED
2025-10-07 19:54:12 us=765000   bind_defined = DISABLED
2025-10-07 19:54:12 us=765000   bind_local = DISABLED
2025-10-07 19:54:12 us=765000   bind_ipv6_only = DISABLED
2025-10-07 19:54:12 us=765000   connect_retry_seconds = 1
2025-10-07 19:54:12 us=765000   connect_timeout = 120
2025-10-07 19:54:12 us=765000   socks_proxy_server = '[UNDEF]'
2025-10-07 19:54:12 us=765000   socks_proxy_port = '[UNDEF]'
2025-10-07 19:54:12 us=765000   tun_mtu = 1500
2025-10-07 19:54:12 us=765000   tun_mtu_defined = ENABLED
2025-10-07 19:54:12 us=765000   link_mtu = 1500
2025-10-07 19:54:12 us=765000   link_mtu_defined = DISABLED
2025-10-07 19:54:12 us=765000   tun_mtu_extra = 0
2025-10-07 19:54:12 us=765000   tun_mtu_extra_defined = DISABLED
2025-10-07 19:54:12 us=765000   tls_mtu = 1250
2025-10-07 19:54:12 us=765000   mtu_discover_type = -1
2025-10-07 19:54:12 us=765000   fragment = 0
2025-10-07 19:54:12 us=765000   mssfix = 0
2025-10-07 19:54:12 us=765000   mssfix_encap = DISABLED
2025-10-07 19:54:12 us=765000   mssfix_fixed = DISABLED
2025-10-07 19:54:12 us=765000   explicit_exit_notification = 0
2025-10-07 19:54:12 us=765000   tls_auth_file = '[UNDEF]'
2025-10-07 19:54:12 us=765000   key_direction = not set
2025-10-07 19:54:12 us=765000   tls_crypt_file = '[INLINE]'
2025-10-07 19:54:12 us=765000   tls_crypt_v2_file = '[UNDEF]'
2025-10-07 19:54:12 us=765000 Connection profiles [2]:
2025-10-07 19:54:12 us=765000   proto = udp
2025-10-07 19:54:12 us=765000   local = '[UNDEF]'
2025-10-07 19:54:12 us=765000   local_port = '[UNDEF]'
2025-10-07 19:54:12 us=765000   remote = '95.173.205.166'
2025-10-07 19:54:12 us=765000   remote_port = '51820'
2025-10-07 19:54:12 us=765000   remote_float = DISABLED
2025-10-07 19:54:12 us=765000   bind_defined = DISABLED
2025-10-07 19:54:12 us=765000   bind_local = DISABLED
2025-10-07 19:54:12 us=765000   bind_ipv6_only = DISABLED
2025-10-07 19:54:12 us=765000   connect_retry_seconds = 1
2025-10-07 19:54:12 us=765000   connect_timeout = 120
2025-10-07 19:54:12 us=765000   socks_proxy_server = '[UNDEF]'
2025-10-07 19:54:12 us=765000   socks_proxy_port = '[UNDEF]'
2025-10-07 19:54:12 us=765000   tun_mtu = 1500
2025-10-07 19:54:12 us=765000   tun_mtu_defined = ENABLED
2025-10-07 19:54:12 us=765000   link_mtu = 1500
2025-10-07 19:54:12 us=765000   link_mtu_defined = DISABLED
2025-10-07 19:54:12 us=765000   tun_mtu_extra = 0
2025-10-07 19:54:12 us=765000   tun_mtu_extra_defined = DISABLED
2025-10-07 19:54:12 us=765000   tls_mtu = 1250
2025-10-07 19:54:12 us=765000   mtu_discover_type = -1
2025-10-07 19:54:12 us=765000   fragment = 0
2025-10-07 19:54:12 us=765000   mssfix = 0
2025-10-07 19:54:12 us=765000   mssfix_encap = DISABLED
2025-10-07 19:54:12 us=765000   mssfix_fixed = DISABLED
2025-10-07 19:54:12 us=765000   explicit_exit_notification = 0
2025-10-07 19:54:12 us=765000   tls_auth_file = '[UNDEF]'
2025-10-07 19:54:12 us=765000   key_direction = not set
2025-10-07 19:54:12 us=765000   tls_crypt_file = '[INLINE]'
2025-10-07 19:54:12 us=765000   tls_crypt_v2_file = '[UNDEF]'
2025-10-07 19:54:12 us=765000 Connection profiles [3]:
2025-10-07 19:54:12 us=765000   proto = udp
2025-10-07 19:54:12 us=765000   local = '[UNDEF]'
2025-10-07 19:54:12 us=765000   local_port = '[UNDEF]'
2025-10-07 19:54:12 us=765000   remote = '95.173.205.166'
2025-10-07 19:54:12 us=765000   remote_port = '5060'
2025-10-07 19:54:12 us=765000   remote_float = DISABLED
2025-10-07 19:54:12 us=765000   bind_defined = DISABLED
2025-10-07 19:54:12 us=765000   bind_local = DISABLED
2025-10-07 19:54:12 us=765000   bind_ipv6_only = DISABLED
2025-10-07 19:54:12 us=765000   connect_retry_seconds = 1
2025-10-07 19:54:12 us=765000   connect_timeout = 120
2025-10-07 19:54:12 us=765000   socks_proxy_server = '[UNDEF]'
2025-10-07 19:54:12 us=765000   socks_proxy_port = '[UNDEF]'
2025-10-07 19:54:12 us=765000   tun_mtu = 1500
2025-10-07 19:54:12 us=765000   tun_mtu_defined = ENABLED
2025-10-07 19:54:12 us=765000   link_mtu = 1500
2025-10-07 19:54:12 us=765000   link_mtu_defined = DISABLED
2025-10-07 19:54:12 us=765000   tun_mtu_extra = 0
2025-10-07 19:54:12 us=765000   tun_mtu_extra_defined = DISABLED
2025-10-07 19:54:12 us=765000   tls_mtu = 1250
2025-10-07 19:54:12 us=765000   mtu_discover_type = -1
2025-10-07 19:54:12 us=765000   fragment = 0
2025-10-07 19:54:12 us=765000   mssfix = 0
2025-10-07 19:54:12 us=765000   mssfix_encap = DISABLED
2025-10-07 19:54:12 us=765000   mssfix_fixed = DISABLED
2025-10-07 19:54:12 us=765000   explicit_exit_notification = 0
2025-10-07 19:54:12 us=765000   tls_auth_file = '[UNDEF]'
2025-10-07 19:54:12 us=765000   key_direction = not set
2025-10-07 19:54:12 us=765000   tls_crypt_file = '[INLINE]'
2025-10-07 19:54:12 us=765000   tls_crypt_v2_file = '[UNDEF]'
2025-10-07 19:54:12 us=765000 Connection profiles [4]:
2025-10-07 19:54:12 us=765000   proto = udp
2025-10-07 19:54:12 us=765000   local = '[UNDEF]'
2025-10-07 19:54:12 us=765000   local_port = '[UNDEF]'
2025-10-07 19:54:12 us=765000   remote = '95.173.205.166'
2025-10-07 19:54:12 us=765000   remote_port = '80'
2025-10-07 19:54:12 us=765000   remote_float = DISABLED
2025-10-07 19:54:12 us=765000   bind_defined = DISABLED
2025-10-07 19:54:12 us=765000   bind_local = DISABLED
2025-10-07 19:54:12 us=765000   bind_ipv6_only = DISABLED
2025-10-07 19:54:12 us=765000   connect_retry_seconds = 1
2025-10-07 19:54:12 us=765000   connect_timeout = 120
2025-10-07 19:54:12 us=765000   socks_proxy_server = '[UNDEF]'
2025-10-07 19:54:12 us=765000   socks_proxy_port = '[UNDEF]'
2025-10-07 19:54:12 us=765000   tun_mtu = 1500
2025-10-07 19:54:12 us=765000   tun_mtu_defined = ENABLED
2025-10-07 19:54:12 us=765000   link_mtu = 1500
2025-10-07 19:54:12 us=765000   link_mtu_defined = DISABLED
2025-10-07 19:54:12 us=765000   tun_mtu_extra = 0
2025-10-07 19:54:12 us=765000   tun_mtu_extra_defined = DISABLED
2025-10-07 19:54:12 us=765000   tls_mtu = 1250
2025-10-07 19:54:12 us=765000   mtu_discover_type = -1
2025-10-07 19:54:12 us=765000   fragment = 0
2025-10-07 19:54:12 us=765000   mssfix = 0
2025-10-07 19:54:12 us=765000   mssfix_encap = DISABLED
2025-10-07 19:54:12 us=765000   mssfix_fixed = DISABLED
2025-10-07 19:54:12 us=765000   explicit_exit_notification = 0
2025-10-07 19:54:12 us=765000   tls_auth_file = '[UNDEF]'
2025-10-07 19:54:12 us=765000   key_direction = not set
2025-10-07 19:54:12 us=765000   tls_crypt_file = '[INLINE]'
2025-10-07 19:54:12 us=765000   tls_crypt_v2_file = '[UNDEF]'
2025-10-07 19:54:12 us=765000 Connection profiles END
2025-10-07 19:54:12 us=765000   remote_random = ENABLED
2025-10-07 19:54:12 us=765000   ipchange = '[UNDEF]'
2025-10-07 19:54:12 us=765000   dev = 'tun'
2025-10-07 19:54:12 us=765000   dev_type = '[UNDEF]'
2025-10-07 19:54:12 us=765000   dev_node = '[UNDEF]'
2025-10-07 19:54:12 us=765000   tuntap_options.disable_dco = ENABLED
2025-10-07 19:54:12 us=765000   lladdr = '[UNDEF]'
2025-10-07 19:54:12 us=765000   topology = 1
2025-10-07 19:54:12 us=765000   ifconfig_local = '[UNDEF]'
2025-10-07 19:54:12 us=765000   ifconfig_remote_netmask = '[UNDEF]'
2025-10-07 19:54:12 us=765000   ifconfig_noexec = DISABLED
2025-10-07 19:54:12 us=765000   ifconfig_nowarn = DISABLED
2025-10-07 19:54:12 us=765000   ifconfig_ipv6_local = '[UNDEF]'
2025-10-07 19:54:12 us=765000   ifconfig_ipv6_netbits = 0
2025-10-07 19:54:12 us=765000   ifconfig_ipv6_remote = '[UNDEF]'
2025-10-07 19:54:12 us=765000   shaper = 0
2025-10-07 19:54:12 us=765000   mtu_test = 0
2025-10-07 19:54:12 us=765000   mlock = DISABLED
2025-10-07 19:54:12 us=765000   keepalive_ping = 0
2025-10-07 19:54:12 us=765000   keepalive_timeout = 0
2025-10-07 19:54:12 us=765000   inactivity_timeout = 0
2025-10-07 19:54:12 us=765000   session_timeout = 0
2025-10-07 19:54:12 us=765000   inactivity_minimum_bytes = 0
2025-10-07 19:54:12 us=765000   ping_send_timeout = 0
2025-10-07 19:54:12 us=765000   ping_rec_timeout = 0
2025-10-07 19:54:12 us=765000   ping_rec_timeout_action = 0
2025-10-07 19:54:12 us=765000   ping_timer_remote = DISABLED
2025-10-07 19:54:12 us=765000   remap_sigusr1 = 0
2025-10-07 19:54:12 us=765000   persist_tun = ENABLED
2025-10-07 19:54:12 us=765000   persist_local_ip = DISABLED
2025-10-07 19:54:12 us=765000   persist_remote_ip = DISABLED
2025-10-07 19:54:12 us=765000   persist_key = ENABLED
2025-10-07 19:54:12 us=765000   passtos = DISABLED
2025-10-07 19:54:12 us=765000   resolve_retry_seconds = 1000000000
2025-10-07 19:54:12 us=781000   resolve_in_advance = DISABLED
2025-10-07 19:54:12 us=781000   username = '[UNDEF]'
2025-10-07 19:54:12 us=781000   groupname = '[UNDEF]'
2025-10-07 19:54:12 us=781000   chroot_dir = '[UNDEF]'
2025-10-07 19:54:12 us=781000   cd_dir = '[UNDEF]'
2025-10-07 19:54:12 us=781000   writepid = '[UNDEF]'
2025-10-07 19:54:12 us=781000   up_script = '[UNDEF]'
2025-10-07 19:54:12 us=781000   down_script = '[UNDEF]'
2025-10-07 19:54:12 us=781000   down_pre = DISABLED
2025-10-07 19:54:12 us=781000   up_restart = DISABLED
2025-10-07 19:54:12 us=781000   up_delay = DISABLED
2025-10-07 19:54:12 us=781000   daemon = DISABLED
2025-10-07 19:54:12 us=781000   log = ENABLED
2025-10-07 19:54:12 us=781000   suppress_timestamps = DISABLED
2025-10-07 19:54:12 us=781000   machine_readable_output = DISABLED
2025-10-07 19:54:12 us=781000   nice = 0
2025-10-07 19:54:12 us=781000   verbosity = 4
2025-10-07 19:54:12 us=781000   mute = 0
2025-10-07 19:54:12 us=781000   gremlin = 0
2025-10-07 19:54:12 us=781000   status_file = '[UNDEF]'
2025-10-07 19:54:12 us=781000   status_file_version = 1
2025-10-07 19:54:12 us=781000   status_file_update_freq = 60
2025-10-07 19:54:12 us=781000   occ = ENABLED
2025-10-07 19:54:12 us=781000   rcvbuf = 0
2025-10-07 19:54:12 us=781000   sndbuf = 0
2025-10-07 19:54:12 us=781000   sockflags = 0
2025-10-07 19:54:12 us=781000   fast_io = DISABLED
2025-10-07 19:54:12 us=781000   comp.alg = 0
2025-10-07 19:54:12 us=781000   comp.flags = 24
2025-10-07 19:54:12 us=781000   route_script = '[UNDEF]'
2025-10-07 19:54:12 us=781000   route_default_gateway = '[UNDEF]'
2025-10-07 19:54:12 us=781000   route_default_metric = 0
2025-10-07 19:54:12 us=781000   route_noexec = DISABLED
2025-10-07 19:54:12 us=781000   route_delay = 5
2025-10-07 19:54:12 us=781000   route_delay_window = 30
2025-10-07 19:54:12 us=781000   route_delay_defined = ENABLED
2025-10-07 19:54:12 us=781000   route_nopull = DISABLED
2025-10-07 19:54:12 us=781000   route_gateway_via_dhcp = DISABLED
2025-10-07 19:54:12 us=781000   allow_pull_fqdn = DISABLED
2025-10-07 19:54:12 us=781000   management_addr = '[UNDEF]'
2025-10-07 19:54:12 us=781000   management_port = '[UNDEF]'
2025-10-07 19:54:12 us=781000   management_user_pass = '[UNDEF]'
2025-10-07 19:54:12 us=781000   management_log_history_cache = 250
2025-10-07 19:54:12 us=781000   management_echo_buffer_size = 100
2025-10-07 19:54:12 us=781000   management_client_user = '[UNDEF]'
2025-10-07 19:54:12 us=781000   management_client_group = '[UNDEF]'
2025-10-07 19:54:12 us=781000   management_flags = 0
2025-10-07 19:54:12 us=781000   shared_secret_file = '[UNDEF]'
2025-10-07 19:54:12 us=781000   key_direction = not set
2025-10-07 19:54:12 us=781000   ciphername = 'AES-256-GCM'
2025-10-07 19:54:12 us=781000   ncp_ciphers = 'AES-256-GCM:AES-128-GCM:CHACHA20-POLY1305'
2025-10-07 19:54:12 us=781000   authname = 'SHA1'
2025-10-07 19:54:12 us=781000   engine = DISABLED
2025-10-07 19:54:12 us=781000   replay = ENABLED
2025-10-07 19:54:12 us=781000   mute_replay_warnings = DISABLED
2025-10-07 19:54:12 us=781000   replay_window = 64
2025-10-07 19:54:12 us=781000   replay_time = 15
2025-10-07 19:54:12 us=781000   packet_id_file = '[UNDEF]'
2025-10-07 19:54:12 us=781000   test_crypto = DISABLED
2025-10-07 19:54:12 us=781000   tls_server = DISABLED
2025-10-07 19:54:12 us=781000   tls_client = ENABLED
2025-10-07 19:54:12 us=781000   ca_file = '[INLINE]'
2025-10-07 19:54:12 us=781000   ca_path = '[UNDEF]'
2025-10-07 19:54:12 us=781000   dh_file = '[UNDEF]'
2025-10-07 19:54:12 us=781000   cert_file = '[UNDEF]'
2025-10-07 19:54:12 us=781000   extra_certs_file = '[UNDEF]'
2025-10-07 19:54:12 us=781000   priv_key_file = '[UNDEF]'
2025-10-07 19:54:12 us=781000   pkcs12_file = '[UNDEF]'
2025-10-07 19:54:12 us=781000   cryptoapi_cert = '[UNDEF]'
2025-10-07 19:54:12 us=781000   cipher_list = '[UNDEF]'
2025-10-07 19:54:12 us=781000   cipher_list_tls13 = '[UNDEF]'
2025-10-07 19:54:12 us=781000   tls_cert_profile = '[UNDEF]'
2025-10-07 19:54:12 us=781000   tls_verify = '[UNDEF]'
2025-10-07 19:54:12 us=781000   tls_export_peer_cert_dir = '[UNDEF]'
2025-10-07 19:54:12 us=781000   verify_x509_type = 0
2025-10-07 19:54:12 us=781000   verify_x509_name = '[UNDEF]'
2025-10-07 19:54:12 us=781000   crl_file = '[UNDEF]'
2025-10-07 19:54:12 us=781000   ns_cert_type = 0
2025-10-07 19:54:12 us=781000   remote_cert_ku[i] = 65535
2025-10-07 19:54:12 us=781000   remote_cert_ku[i] = 0
2025-10-07 19:54:12 us=781000   remote_cert_ku[i] = 0
2025-10-07 19:54:12 us=781000   remote_cert_ku[i] = 0
2025-10-07 19:54:12 us=781000   remote_cert_ku[i] = 0
2025-10-07 19:54:12 us=781000   remote_cert_ku[i] = 0
2025-10-07 19:54:12 us=781000   remote_cert_ku[i] = 0
2025-10-07 19:54:12 us=781000   remote_cert_ku[i] = 0
2025-10-07 19:54:12 us=781000   remote_cert_ku[i] = 0
2025-10-07 19:54:12 us=781000   remote_cert_ku[i] = 0
2025-10-07 19:54:12 us=781000   remote_cert_ku[i] = 0
2025-10-07 19:54:12 us=781000   remote_cert_ku[i] = 0
2025-10-07 19:54:12 us=781000   remote_cert_ku[i] = 0
2025-10-07 19:54:12 us=781000   remote_cert_ku[i] = 0
2025-10-07 19:54:12 us=781000   remote_cert_ku[i] = 0
2025-10-07 19:54:12 us=781000   remote_cert_ku[i] = 0
2025-10-07 19:54:12 us=781000   remote_cert_eku = 'TLS Web Server Authentication'
2025-10-07 19:54:12 us=781000   ssl_flags = 192
2025-10-07 19:54:12 us=781000   tls_timeout = 2
2025-10-07 19:54:12 us=781000   renegotiate_bytes = -1
2025-10-07 19:54:12 us=781000   renegotiate_packets = 0
2025-10-07 19:54:12 us=781000   renegotiate_seconds = 0
2025-10-07 19:54:12 us=781000   handshake_window = 60
2025-10-07 19:54:12 us=781000   transition_window = 3600
2025-10-07 19:54:12 us=781000   single_session = DISABLED
2025-10-07 19:54:12 us=781000   push_peer_info = DISABLED
2025-10-07 19:54:12 us=781000   tls_exit = DISABLED
2025-10-07 19:54:12 us=781000   tls_crypt_v2_metadata = '[UNDEF]'
2025-10-07 19:54:12 us=781000   pkcs11_protected_authentication = DISABLED
2025-10-07 19:54:12 us=781000   pkcs11_protected_authentication = DISABLED
2025-10-07 19:54:12 us=781000   pkcs11_protected_authentication = DISABLED
2025-10-07 19:54:12 us=781000   pkcs11_protected_authentication = DISABLED
2025-10-07 19:54:12 us=781000   pkcs11_protected_authentication = DISABLED
2025-10-07 19:54:12 us=781000   pkcs11_protected_authentication = DISABLED
2025-10-07 19:54:12 us=781000   pkcs11_protected_authentication = DISABLED
2025-10-07 19:54:12 us=781000   pkcs11_protected_authentication = DISABLED
2025-10-07 19:54:12 us=781000   pkcs11_protected_authentication = DISABLED
2025-10-07 19:54:12 us=781000   pkcs11_protected_authentication = DISABLED
2025-10-07 19:54:12 us=781000   pkcs11_protected_authentication = DISABLED
2025-10-07 19:54:12 us=781000   pkcs11_protected_authentication = DISABLED
2025-10-07 19:54:12 us=781000   pkcs11_protected_authentication = DISABLED
2025-10-07 19:54:12 us=781000   pkcs11_protected_authentication = DISABLED
2025-10-07 19:54:12 us=781000   pkcs11_protected_authentication = DISABLED
2025-10-07 19:54:12 us=781000   pkcs11_protected_authentication = DISABLED
2025-10-07 19:54:12 us=781000   pkcs11_private_mode = 00000000
2025-10-07 19:54:12 us=781000   pkcs11_private_mode = 00000000
2025-10-07 19:54:12 us=781000   pkcs11_private_mode = 00000000
2025-10-07 19:54:12 us=781000   pkcs11_private_mode = 00000000
2025-10-07 19:54:12 us=781000   pkcs11_private_mode = 00000000
2025-10-07 19:54:12 us=781000   pkcs11_private_mode = 00000000
2025-10-07 19:54:12 us=781000   pkcs11_private_mode = 00000000
2025-10-07 19:54:12 us=781000   pkcs11_private_mode = 00000000
2025-10-07 19:54:12 us=781000   pkcs11_private_mode = 00000000
2025-10-07 19:54:12 us=781000   pkcs11_private_mode = 00000000
2025-10-07 19:54:12 us=781000   pkcs11_private_mode = 00000000
2025-10-07 19:54:12 us=781000   pkcs11_private_mode = 00000000
2025-10-07 19:54:12 us=781000   pkcs11_private_mode = 00000000
2025-10-07 19:54:12 us=781000   pkcs11_private_mode = 00000000
2025-10-07 19:54:12 us=781000   pkcs11_private_mode = 00000000
2025-10-07 19:54:12 us=781000   pkcs11_private_mode = 00000000
2025-10-07 19:54:12 us=781000   pkcs11_cert_private = DISABLED
2025-10-07 19:54:12 us=781000   pkcs11_cert_private = DISABLED
2025-10-07 19:54:12 us=781000   pkcs11_cert_private = DISABLED
2025-10-07 19:54:12 us=781000   pkcs11_cert_private = DISABLED
2025-10-07 19:54:12 us=781000   pkcs11_cert_private = DISABLED
2025-10-07 19:54:12 us=781000   pkcs11_cert_private = DISABLED
2025-10-07 19:54:12 us=781000   pkcs11_cert_private = DISABLED
2025-10-07 19:54:12 us=781000   pkcs11_cert_private = DISABLED
2025-10-07 19:54:12 us=781000   pkcs11_cert_private = DISABLED
2025-10-07 19:54:12 us=781000   pkcs11_cert_private = DISABLED
2025-10-07 19:54:12 us=781000   pkcs11_cert_private = DISABLED
2025-10-07 19:54:12 us=781000   pkcs11_cert_private = DISABLED
2025-10-07 19:54:12 us=781000   pkcs11_cert_private = DISABLED
2025-10-07 19:54:12 us=781000   pkcs11_cert_private = DISABLED
2025-10-07 19:54:12 us=781000   pkcs11_cert_private = DISABLED
2025-10-07 19:54:12 us=781000   pkcs11_cert_private = DISABLED
2025-10-07 19:54:12 us=781000   pkcs11_pin_cache_period = -1
2025-10-07 19:54:12 us=781000   pkcs11_id = '[UNDEF]'
2025-10-07 19:54:12 us=781000   pkcs11_id_management = DISABLED
2025-10-07 19:54:12 us=781000   server_network = 0.0.0.0
2025-10-07 19:54:12 us=781000   server_netmask = 0.0.0.0
2025-10-07 19:54:12 us=781000   server_network_ipv6 = ::
2025-10-07 19:54:12 us=781000   server_netbits_ipv6 = 0
2025-10-07 19:54:12 us=781000   server_bridge_ip = 0.0.0.0
2025-10-07 19:54:12 us=781000   server_bridge_netmask = 0.0.0.0
2025-10-07 19:54:12 us=781000   server_bridge_pool_start = 0.0.0.0
2025-10-07 19:54:12 us=781000   server_bridge_pool_end = 0.0.0.0
2025-10-07 19:54:12 us=781000   ifconfig_pool_defined = DISABLED
2025-10-07 19:54:12 us=781000   ifconfig_pool_start = 0.0.0.0
2025-10-07 19:54:12 us=781000   ifconfig_pool_end = 0.0.0.0
2025-10-07 19:54:12 us=781000   ifconfig_pool_netmask = 0.0.0.0
2025-10-07 19:54:12 us=781000   ifconfig_pool_persist_filename = '[UNDEF]'
2025-10-07 19:54:12 us=781000   ifconfig_pool_persist_refresh_freq = 600
2025-10-07 19:54:12 us=781000   ifconfig_ipv6_pool_defined = DISABLED
2025-10-07 19:54:12 us=781000   ifconfig_ipv6_pool_base = ::
2025-10-07 19:54:12 us=781000   ifconfig_ipv6_pool_netbits = 0
2025-10-07 19:54:12 us=781000   n_bcast_buf = 256
2025-10-07 19:54:12 us=781000   tcp_queue_limit = 64
2025-10-07 19:54:12 us=781000   real_hash_size = 256
2025-10-07 19:54:12 us=781000   virtual_hash_size = 256
2025-10-07 19:54:12 us=781000   client_connect_script = '[UNDEF]'
2025-10-07 19:54:12 us=781000   learn_address_script = '[UNDEF]'
2025-10-07 19:54:12 us=781000   client_disconnect_script = '[UNDEF]'
2025-10-07 19:54:12 us=781000   client_crresponse_script = '[UNDEF]'
2025-10-07 19:54:12 us=781000   client_config_dir = '[UNDEF]'
2025-10-07 19:54:12 us=781000   ccd_exclusive = DISABLED
2025-10-07 19:54:12 us=781000   tmp_dir = 'C:\Users\Carlos\AppData\Local\Temp\'
2025-10-07 19:54:12 us=781000   push_ifconfig_defined = DISABLED
2025-10-07 19:54:12 us=781000   push_ifconfig_local = 0.0.0.0
2025-10-07 19:54:12 us=781000   push_ifconfig_remote_netmask = 0.0.0.0
2025-10-07 19:54:12 us=781000   push_ifconfig_ipv6_defined = DISABLED
2025-10-07 19:54:12 us=781000   push_ifconfig_ipv6_local = ::/0
2025-10-07 19:54:12 us=781000   push_ifconfig_ipv6_remote = ::
2025-10-07 19:54:12 us=781000   enable_c2c = DISABLED
2025-10-07 19:54:12 us=781000   duplicate_cn = DISABLED
2025-10-07 19:54:12 us=781000   cf_max = 0
2025-10-07 19:54:12 us=781000   cf_per = 0
2025-10-07 19:54:12 us=781000   cf_initial_max = 100
2025-10-07 19:54:12 us=781000   cf_initial_per = 10
2025-10-07 19:54:12 us=781000   max_clients = 1024
2025-10-07 19:54:12 us=781000   max_routes_per_client = 256
2025-10-07 19:54:12 us=781000   auth_user_pass_verify_script = '[UNDEF]'
2025-10-07 19:54:12 us=781000   auth_user_pass_verify_script_via_file = DISABLED
2025-10-07 19:54:12 us=781000   auth_token_generate = DISABLED
2025-10-07 19:54:12 us=781000   force_key_material_export = DISABLED
2025-10-07 19:54:12 us=781000   auth_token_lifetime = 0
2025-10-07 19:54:12 us=781000   auth_token_secret_file = '[UNDEF]'
2025-10-07 19:54:12 us=781000   vlan_tagging = DISABLED
2025-10-07 19:54:12 us=781000   vlan_accept = all
2025-10-07 19:54:12 us=781000   vlan_pvid = 1
2025-10-07 19:54:12 us=781000   client = ENABLED
2025-10-07 19:54:12 us=781000   pull = ENABLED
2025-10-07 19:54:12 us=781000   auth_user_pass_file = 'C:\Users\Carlos\Documents\proyectos\ant-vpn\src\vpn-credentials\auth.txt'
2025-10-07 19:54:12 us=781000   show_net_up = DISABLED
2025-10-07 19:54:12 us=781000   route_method = 0
2025-10-07 19:54:12 us=781000   block_outside_dns = ENABLED
2025-10-07 19:54:12 us=781000   ip_win32_defined = DISABLED
2025-10-07 19:54:12 us=781000   ip_win32_type = 3
2025-10-07 19:54:12 us=781000   dhcp_masq_offset = 0
2025-10-07 19:54:12 us=781000   dhcp_lease_time = 31536000
2025-10-07 19:54:12 us=781000   tap_sleep = 0
2025-10-07 19:54:12 us=781000   dhcp_options = 0x00000000
2025-10-07 19:54:12 us=781000   dhcp_renew = DISABLED
2025-10-07 19:54:12 us=781000   dhcp_pre_release = DISABLED
2025-10-07 19:54:12 us=781000   domain = '[UNDEF]'
2025-10-07 19:54:12 us=781000   netbios_scope = '[UNDEF]'
2025-10-07 19:54:12 us=781000   netbios_node_type = 0
2025-10-07 19:54:12 us=781000   disable_nbt = DISABLED
2025-10-07 19:54:12 us=781000 OpenVPN 2.6.15 [git:v2.6.15/90bdd59a95170169] Windows [SSL (OpenSSL)] [LZO] [LZ4] [PKCS11] [AEAD] [DCO] built on Sep 22 2025
2025-10-07 19:54:12 us=781000 Windows version 10.0 (Windows 10 or greater), amd64 executable
2025-10-07 19:54:12 us=781000 library versions: OpenSSL 3.5.3 16 Sep 2025, LZO 2.10
2025-10-07 19:54:12 us=781000 DCO version: 1.3.3
2025-10-07 19:54:12 us=781000 Outgoing Control Channel Encryption: Cipher 'AES-256-CTR' initialized with 256 bit key
2025-10-07 19:54:12 us=781000 Outgoing Control Channel Encryption: Using 256 bit message hash 'SHA256' for HMAC authentication
2025-10-07 19:54:12 us=781000 Incoming Control Channel Encryption: Cipher 'AES-256-CTR' initialized with 256 bit key
2025-10-07 19:54:12 us=781000 Incoming Control Channel Encryption: Using 256 bit message hash 'SHA256' for HMAC authentication
2025-10-07 19:54:12 us=781000 Control Channel MTU parms [ mss_fix:0 max_frag:0 tun_mtu:1250 tun_max_mtu:0 headroom:126 payload:1600 tailroom:126 ET:0 ]
2025-10-07 19:54:12 us=781000 Data Channel MTU parms [ mss_fix:0 max_frag:0 tun_mtu:1500 tun_max_mtu:1600 headroom:136 payload:1768 tailroom:562 ET:0 ]
2025-10-07 19:54:12 us=781000 TCP/UDP: Preserving recently used remote address: [AF_INET]95.173.205.166:80
2025-10-07 19:54:12 us=781000 Socket Buffers: R=[65536->65536] S=[65536->65536]
2025-10-07 19:54:12 us=781000 UDPv4 link local: (not bound)
2025-10-07 19:54:12 us=781000 UDPv4 link remote: [AF_INET]95.173.205.166:80
